mode: atomic
tgbot/internal/logic/use_case/list_use_case/list_use_case.go:20.47,22.2 1 2
tgbot/internal/logic/use_case/list_use_case/list_use_case.go:24.37,27.2 2 2
tgbot/internal/logic/use_case/list_use_case/list_use_case.go:29.71,30.23 1 2
tgbot/internal/logic/use_case/list_use_case/list_use_case.go:34.2,36.12 3 1
tgbot/internal/logic/use_case/list_use_case/list_use_case.go:30.23,32.3 1 1
tgbot/internal/logic/use_case/list_use_case/list_use_case.go:39.75,41.32 2 1
tgbot/internal/logic/use_case/list_use_case/list_use_case.go:44.2,44.12 1 1
tgbot/internal/logic/use_case/list_use_case/list_use_case.go:41.32,43.3 1 1
tgbot/internal/logic/use_case/delete_use_case/delete_use_case.go:19.51,21.2 1 2
tgbot/internal/logic/use_case/delete_use_case/delete_use_case.go:23.82,25.16 2 2
tgbot/internal/logic/use_case/delete_use_case/delete_use_case.go:28.2,28.48 1 1
tgbot/internal/logic/use_case/delete_use_case/delete_use_case.go:25.16,27.3 1 1
tgbot/internal/logic/use_case/add_use_case/add_use_case.go:26.70,31.2 1 2
tgbot/internal/logic/use_case/add_use_case/add_use_case.go:33.64,36.16 2 2
tgbot/internal/logic/use_case/add_use_case/add_use_case.go:40.2,41.54 2 1
tgbot/internal/logic/use_case/add_use_case/add_use_case.go:36.16,38.3 1 1
tgbot/internal/logic/modules/notifier/notifier.go:44.90,51.2 1 5
tgbot/internal/logic/modules/notifier/notifier.go:53.35,54.12 1 0
tgbot/internal/logic/modules/notifier/notifier.go:54.12,58.20 3 0
tgbot/internal/logic/modules/notifier/notifier.go:58.20,60.4 1 0
tgbot/internal/logic/modules/notifier/notifier.go:63.42,67.16 3 0
tgbot/internal/logic/modules/notifier/notifier.go:71.2,73.31 2 0
tgbot/internal/logic/modules/notifier/notifier.go:67.16,70.3 2 0
tgbot/internal/logic/modules/notifier/notifier.go:73.31,75.31 1 0
tgbot/internal/logic/modules/notifier/notifier.go:75.31,77.18 2 0
tgbot/internal/logic/modules/notifier/notifier.go:82.4,82.13 1 0
tgbot/internal/logic/modules/notifier/notifier.go:77.18,80.5 2 0
tgbot/internal/logic/modules/notifier/notifier.go:82.13,84.19 2 0
tgbot/internal/logic/modules/notifier/notifier.go:84.19,87.6 2 0
tgbot/internal/logic/modules/notifier/notifier.go:94.64,96.16 2 5
tgbot/internal/logic/modules/notifier/notifier.go:100.2,101.16 2 4
tgbot/internal/logic/modules/notifier/notifier.go:105.2,105.37 1 3
tgbot/internal/logic/modules/notifier/notifier.go:109.2,109.50 1 2
tgbot/internal/logic/modules/notifier/notifier.go:115.2,115.19 1 1
tgbot/internal/logic/modules/notifier/notifier.go:96.16,98.3 1 1
tgbot/internal/logic/modules/notifier/notifier.go:101.16,103.3 1 1
tgbot/internal/logic/modules/notifier/notifier.go:105.37,107.3 1 1
tgbot/internal/logic/modules/notifier/notifier.go:109.50,113.3 3 1
tgbot/internal/logic/modules/mint_information/parsers/HTML/HTML.go:16.26,18.2 1 1
tgbot/internal/logic/modules/mint_information/parsers/HTML/HTML.go:20.69,22.16 2 1
tgbot/internal/logic/modules/mint_information/parsers/HTML/HTML.go:26.2,27.16 2 1
tgbot/internal/logic/modules/mint_information/parsers/HTML/HTML.go:31.2,32.16 2 1
tgbot/internal/logic/modules/mint_information/parsers/HTML/HTML.go:36.2,41.25 2 1
tgbot/internal/logic/modules/mint_information/parsers/HTML/HTML.go:22.16,24.3 1 0
tgbot/internal/logic/modules/mint_information/parsers/HTML/HTML.go:27.16,29.3 1 0
tgbot/internal/logic/modules/mint_information/parsers/HTML/HTML.go:32.16,34.3 1 0
tgbot/internal/logic/modules/mint_information/parsers/HTML/HTML.go:44.69,47.16 3 4
tgbot/internal/logic/modules/mint_information/parsers/HTML/HTML.go:50.2,50.16 1 4
tgbot/internal/logic/modules/mint_information/parsers/HTML/HTML.go:53.2,53.42 1 2
tgbot/internal/logic/modules/mint_information/parsers/HTML/HTML.go:47.16,49.3 1 0
tgbot/internal/logic/modules/mint_information/parsers/HTML/HTML.go:50.16,52.3 1 2
tgbot/internal/logic/modules/mint_information/parsers/HTML/HTML.go:56.59,59.12 3 5
tgbot/internal/logic/modules/mint_information/parsers/HTML/HTML.go:63.2,64.16 2 4
tgbot/internal/logic/modules/mint_information/parsers/HTML/HTML.go:68.2,68.21 1 2
tgbot/internal/logic/modules/mint_information/parsers/HTML/HTML.go:59.12,61.3 1 1
tgbot/internal/logic/modules/mint_information/parsers/HTML/HTML.go:64.16,66.3 1 2
tgbot/internal/logic/modules/mint_information/mint_information.go:25.74,30.2 1 3
tgbot/internal/logic/modules/mint_information/mint_information.go:32.79,34.16 2 3
tgbot/internal/logic/modules/mint_information/mint_information.go:38.2,39.16 2 2
tgbot/internal/logic/modules/mint_information/mint_information.go:43.2,49.19 2 1
tgbot/internal/logic/modules/mint_information/mint_information.go:34.16,36.3 1 1
tgbot/internal/logic/modules/mint_information/mint_information.go:39.16,41.3 1 1
tgbot/internal/infrastructure/runtime_database/runtime_database.go:21.35,22.17 1 0
tgbot/internal/infrastructure/runtime_database/runtime_database.go:28.2,28.16 1 0
tgbot/internal/infrastructure/runtime_database/runtime_database.go:22.17,27.3 1 0
tgbot/internal/infrastructure/runtime_database/runtime_database.go:31.56,35.2 3 1
tgbot/internal/infrastructure/runtime_database/runtime_database.go:37.70,40.31 3 2
tgbot/internal/infrastructure/runtime_database/runtime_database.go:43.2,44.15 2 2
tgbot/internal/infrastructure/runtime_database/runtime_database.go:40.31,42.3 1 1
tgbot/internal/infrastructure/runtime_database/runtime_database.go:47.49,53.2 5 1
tgbot/internal/infrastructure/runtime_database/runtime_database.go:55.72,58.24 3 2
tgbot/internal/infrastructure/runtime_database/runtime_database.go:64.2,64.69 1 1
tgbot/internal/infrastructure/runtime_database/runtime_database.go:58.24,59.34 1 2
tgbot/internal/infrastructure/runtime_database/runtime_database.go:59.34,62.4 2 1
